<?xml version="1.0" encoding="UTF-8"?>
<!-- Generated by org.testng.reporters.JUnitXMLReporter -->
<testsuite ignored="0" hostname="Renuprasanth" failures="0" tests="4" name="Default test" time="3.332" errors="0" timestamp="2024-09-11T23:10:30 IST">
  <testcase classname="HTTPRequests" name="getUsers" time="2.007"/>
  <testcase classname="HTTPRequests" name="createUser" time="0.459"/>
  <testcase classname="HTTPRequests" name="fullUpdate" time="0.411"/>
  <testcase classname="HTTPRequests" name="deleteUser" time="0.402"/>
</testsuite> <!-- Default test -->
