<?xml version="1.0" encoding="UTF-8"?>
<testng-results ignored="0" total="4" passed="4" failed="0" skipped="0">
  <reporter-output>
  </reporter-output>
  <suite started-at="2024-09-11T23:10:27 IST" name="Default suite" finished-at="2024-09-11T23:10:30 IST" duration-ms="3332">
    <groups>
    </groups>
    <test started-at="2024-09-11T23:10:27 IST" name="Default test" finished-at="2024-09-11T23:10:30 IST" duration-ms="3332">
      <class name="HTTPRequests">
        <test-method signature="getUsers()[pri:1, instance:HTTPRequests@79c7532f]" started-at="2024-09-11T23:10:27 IST" name="getUsers" finished-at="2024-09-11T23:10:29 IST" duration-ms="2007" status="PASS">
          <reporter-output>
          </reporter-output>
        </test-method> <!-- getUsers -->
        <test-method signature="createUser()[pri:2, instance:HTTPRequests@79c7532f]" started-at="2024-09-11T23:10:29 IST" name="createUser" finished-at="2024-09-11T23:10:30 IST" duration-ms="459" status="PASS">
          <reporter-output>
          </reporter-output>
        </test-method> <!-- createUser -->
        <test-method signature="fullUpdate()[pri:3, instance:HTTPRequests@79c7532f]" started-at="2024-09-11T23:10:30 IST" name="fullUpdate" finished-at="2024-09-11T23:10:30 IST" depends-on-methods="HTTPRequests.createUser" duration-ms="411" status="PASS">
          <reporter-output>
          </reporter-output>
        </test-method> <!-- fullUpdate -->
        <test-method signature="deleteUser()[pri:4, instance:HTTPRequests@79c7532f]" started-at="2024-09-11T23:10:30 IST" name="deleteUser" finished-at="2024-09-11T23:10:30 IST" duration-ms="402" status="PASS">
          <reporter-output>
          </reporter-output>
        </test-method> <!-- deleteUser -->
      </class> <!-- HTTPRequests -->
    </test> <!-- Default test -->
  </suite> <!-- Default suite -->
</testng-results>
